<?xml version="1.0" encoding="UTF-8"?>
<testsuite name="NotesServiceTest" tests="10" skipped="0" failures="0" errors="0" timestamp="2024-04-02T18:20:58" hostname="K-K-K" time="0.025">
  <properties/>
  <testcase name="testEditComment" classname="NotesServiceTest" time="0.023"/>
  <testcase name="testEditNote" classname="NotesServiceTest" time="0.0"/>
  <testcase name="testDeleteComment" classname="NotesServiceTest" time="0.0"/>
  <testcase name="testAddNote" classname="NotesServiceTest" time="0.0"/>
  <testcase name="testGetNoteById" classname="NotesServiceTest" time="0.0"/>
  <testcase name="testGetCommentsForNote" classname="NotesServiceTest" time="0.0"/>
  <testcase name="testRestoreDeletedComment" classname="NotesServiceTest" time="0.0"/>
  <testcase name="testGetNotesByAuthor" classname="NotesServiceTest" time="0.0"/>
  <testcase name="testCreateComment" classname="NotesServiceTest" time="0.0"/>
  <testcase name="testDeleteNote" classname="NotesServiceTest" time="0.0"/>
  <system-out><![CDATA[]]></system-out>
  <system-err><![CDATA[]]></system-err>
</testsuite>
